2023-06-02 01:07:24,584 [INFO] Folder: D:\testdata\medical
2023-06-02 01:07:24,584 [INFO] Target Database: postgresql
2023-06-02 01:07:24,586 [INFO] PostgreSQL utility created successfully.
2023-06-02 01:07:24,586 [INFO] CSV files found: 9
2023-06-02 01:07:24,586 [INFO] Loading CSV files into memory...
2023-06-02 01:07:24,595 [INFO] Successfully loaded CSV file: clients.csv
2023-06-02 01:07:24,600 [INFO] Successfully loaded CSV file: data_items_in_tests.csv
2023-06-02 01:07:24,608 [INFO] Successfully loaded CSV file: payments.csv
2023-06-02 01:07:24,615 [INFO] Successfully loaded CSV file: staff.csv
2023-06-02 01:07:24,622 [INFO] Successfully loaded CSV file: tests_administered.csv
2023-06-02 01:07:24,628 [INFO] Successfully loaded CSV file: test_data_items.csv
2023-06-02 01:07:24,637 [INFO] Successfully loaded CSV file: test_definitions.csv
2023-06-02 01:07:24,644 [INFO] Successfully loaded CSV file: test_results.csv
2023-06-02 01:07:24,651 [INFO] Successfully loaded CSV file: test_types.csv
2023-06-02 01:07:24,651 [INFO] Successfully loaded 9 CSV files.
2023-06-02 01:07:24,653 [INFO] Found primary keys for table clients: client_id
2023-06-02 01:07:24,653 [INFO] Added primary key client_id to table clients
2023-06-02 01:07:24,653 [INFO] Found primary keys for table data_items_in_tests: 
2023-06-02 01:07:24,654 [INFO] Found primary keys for table payments: payment_id
2023-06-02 01:07:24,654 [INFO] Added primary key payment_id to table payments
2023-06-02 01:07:24,655 [INFO] Found primary keys for table staff: staff_id
2023-06-02 01:07:24,655 [INFO] Added primary key staff_id to table staff
2023-06-02 01:07:24,656 [INFO] Found primary keys for table tests_administered: administered_id
2023-06-02 01:07:24,656 [INFO] Added primary key administered_id to table tests_administered
2023-06-02 01:07:24,656 [INFO] Found primary keys for table test_data_items: item_id
2023-06-02 01:07:24,656 [INFO] Added primary key item_id to table test_data_items
2023-06-02 01:07:24,657 [INFO] Found primary keys for table test_definitions: definition_id
2023-06-02 01:07:24,657 [INFO] Added primary key definition_id to table test_definitions
2023-06-02 01:07:24,658 [INFO] Found primary keys for table test_results: result_id
2023-06-02 01:07:24,658 [INFO] Added primary key result_id to table test_results
2023-06-02 01:07:24,659 [INFO] Found primary keys for table test_types: type_id
2023-06-02 01:07:24,659 [INFO] Added primary key type_id to table test_types
2023-06-02 01:07:24,659 [INFO] Found foreign key relationship: data_items_in_tests.definition_id references test_definitions.definition_id
2023-06-02 01:07:27,277 [WARNING] Referenced table not found for data_items_in_tests.definition_id (Referenced table name: definition)
2023-06-02 01:07:27,277 [INFO] Found foreign key relationship: data_items_in_tests.item_id references test_data_items.item_id
2023-06-02 01:07:27,282 [WARNING] Referenced table not found for data_items_in_tests.item_id (Referenced table name: item)
2023-06-02 01:07:27,283 [INFO] Found foreign key relationship: payments.administered_id references tests_administered.administered_id
2023-06-02 01:07:27,290 [WARNING] Referenced table not found for payments.administered_id (Referenced table name: administered)
2023-06-02 01:07:27,290 [INFO] Found foreign key relationship: payments.client_id references clients.client_id
2023-06-02 01:07:27,291 [WARNING] Referenced column not found for payments.client_id (Referenced column name: id)
2023-06-02 01:07:27,291 [INFO] Found foreign key relationship: tests_administered.definition_id references test_definitions.definition_id
2023-06-02 01:07:27,298 [WARNING] Referenced table not found for tests_administered.definition_id (Referenced table name: definition)
2023-06-02 01:07:27,298 [INFO] Found foreign key relationship: tests_administered.client_id references clients.client_id
2023-06-02 01:07:27,299 [WARNING] Referenced column not found for tests_administered.client_id (Referenced column name: id)
2023-06-02 01:07:27,299 [INFO] Found foreign key relationship: tests_administered.staff_id references staff.staff_id
2023-06-02 01:07:27,300 [WARNING] Referenced column not found for tests_administered.staff_id (Referenced column name: id)
2023-06-02 01:07:27,301 [INFO] Found foreign key relationship: test_definitions.type_id references test_types.type_id
2023-06-02 01:07:27,308 [WARNING] Referenced table not found for test_definitions.type_id (Referenced table name: type)
2023-06-02 01:07:27,308 [INFO] Found foreign key relationship: test_results.administered_id references tests_administered.administered_id
2023-06-02 01:07:27,314 [WARNING] Referenced table not found for test_results.administered_id (Referenced table name: administered)
2023-06-02 01:07:27,315 [INFO] Found unique indexes for table clients: name, phone
2023-06-02 01:07:27,315 [INFO] Added unique index Column name: name, Column type: TEXT, Nullable: False, Unique: True to table clients
2023-06-02 01:07:27,316 [INFO] Added unique index Column name: phone, Column type: TEXT, Nullable: False, Unique: True to table clients
2023-06-02 01:07:27,317 [INFO] Found unique indexes for table staff: name
2023-06-02 01:07:27,317 [INFO] Added unique index Column name: name, Column type: TEXT, Nullable: False, Unique: True to table staff
2023-06-02 01:07:27,318 [INFO] Found unique indexes for table test_data_items: name
2023-06-02 01:07:27,318 [INFO] Added unique index Column name: name, Column type: TEXT, Nullable: False, Unique: True to table test_data_items
2023-06-02 01:07:27,318 [INFO] Found unique indexes for table test_definitions: name
2023-06-02 01:07:27,318 [INFO] Added unique index Column name: name, Column type: TEXT, Nullable: False, Unique: True to table test_definitions
2023-06-02 01:07:27,319 [INFO] Found unique indexes for table test_types: name
2023-06-02 01:07:27,319 [INFO] Added unique index Column name: name, Column type: TEXT, Nullable: False, Unique: True to table test_types
2023-06-02 01:07:27,336 [INFO] DDL generation complete.
2023-06-02 01:07:27,338 [INFO] DDL is generated and written to: D:\testdata\medical\postgresql\ddl_postgresql.sql
2023-06-02 01:07:27,338 [INFO] Processing table: clients
2023-06-02 01:07:27,348 [INFO] Generated insert statements for table: clients
2023-06-02 01:07:27,349 [INFO] Processing table: data_items_in_tests
2023-06-02 01:07:27,366 [INFO] Generated insert statements for table: data_items_in_tests
2023-06-02 01:07:27,367 [INFO] Processing table: payments
2023-06-02 01:07:27,398 [INFO] Generated insert statements for table: payments
2023-06-02 01:07:27,398 [INFO] Processing table: staff
2023-06-02 01:07:27,405 [INFO] Generated insert statements for table: staff
2023-06-02 01:07:27,405 [INFO] Processing table: tests_administered
2023-06-02 01:07:27,423 [INFO] Generated insert statements for table: tests_administered
2023-06-02 01:07:27,423 [INFO] Processing table: test_data_items
2023-06-02 01:07:27,431 [INFO] Generated insert statements for table: test_data_items
2023-06-02 01:07:27,431 [INFO] Processing table: test_definitions
2023-06-02 01:07:27,444 [INFO] Generated insert statements for table: test_definitions
2023-06-02 01:07:27,445 [INFO] Processing table: test_results
2023-06-02 01:07:27,470 [INFO] Generated insert statements for table: test_results
2023-06-02 01:07:27,470 [INFO] Processing table: test_types
2023-06-02 01:07:27,478 [INFO] Generated insert statements for table: test_types
2023-06-02 01:07:27,478 [INFO] Finished generating insert statements.
2023-06-02 01:07:27,478 [INFO] SQL file generation completed successfully.
